[baseline-browser-mapping] The data in this module is over two months old.  To ensure accurate Baseline data, please update: `npm i baseline-browser-mapping@latest -D`
   ▲ Next.js 16.0.10 (Turbopack)

   Creating an optimized production build ...
[baseline-browser-mapping] The data in this module is over two months old.  To ensure accurate Baseline data, please update: `npm i baseline-browser-mapping@latest -D`

> Build error occurred
Error: Turbopack build failed with 1 errors:
./components/ai-elements/conversation.tsx:40:9
Parsing ecmascript source code failed
[0m [90m 38 |[39m
 [90m 39 |[39m [36mexport[39m [36mconst[39m [33mConversationScrollButton[39m [33m=[39m ({
[31m[1m>[22m[39m[90m 40 |[39m   [36mconst[39m { isMobile } [33m=[39m useMobile()
 [90m    |[39m         [31m[1m^[22m[39m
 [90m 41 |[39m   className[33m,[39m
 [90m 42 |[39m   [33m...[39mprops
 [90m 43 |[39m }[33m:[39m [33mConversationScrollButtonProps[39m) [33m=>[39m {[0m

Expected a semicolon

Import traces:
  Client Component Browser:
    ./components/ai-elements/conversation.tsx [Client Component Browser]
    ./app/chat.tsx [Client Component Browser]
    ./app/chat.tsx [Server Component]
    ./app/page.tsx [Server Component]

  Client Component SSR:
    ./components/ai-elements/conversation.tsx [Client Component SSR]
    ./app/chat.tsx [Client Component SSR]
    ./app/chat.tsx [Server Component]
    ./app/page.tsx [Server Component]


    at <unknown> (./components/ai-elements/conversation.tsx:40:9)
